2022-07-06 00:21:56.356  INFO 17220 --- [main] lavalink.server.Launcher                 : 

[32m       .  [31m _                  _ _       _    [32m__ _ _
[32m      /\\ [31m| | __ ___   ____ _| (_)_ __ | | __[32m\ \ \ \
[32m     ( ( )[31m| |/ _` \ \ / / _` | | | '_ \| |/ /[32m \ \ \ \
[32m      \\/ [31m| | (_| |\ V / (_| | | | | | |   < [32m  ) ) ) )
[32m       '  [31m|_|\__,_| \_/ \__,_|_|_|_| |_|_|\_\[32m / / / /
[0m    =========================================[32m/_/_/_/[0m

	Version:        3.4
	Build:          1257
	Build time:     26.10.2021 14:18:37 UTC
	Branch          master
	Commit:         a364833
	Commit time:    26.10.2021 14:15:20 UTC
	JVM:            11.0.15
	Lavaplayer      1.3.96-original

2022-07-06 00:21:56.566  INFO 17220 --- [main] lavalink.server.Launcher                 : Starting Launcher on LAPTOP-GMO4JODJ with PID 17220 (C:\Users\ADS\OneDrive\Bureau\code\discord-bots\gillette\Lavalink.jar started by ADS in C:\Users\ADS\OneDrive\Bureau\code\discord-bots\gillette)
2022-07-06 00:21:56.568  INFO 17220 --- [main] lavalink.server.Launcher                 : No active profile set, falling back to default profiles: default
2022-07-06 00:21:56.707  WARN 17220 --- [background-preinit] o.s.h.c.j.Jackson2ObjectMapperBuilder    : For Jackson Kotlin classes support please add "com.fasterxml.jackson.module:jackson-module-kotlin" to the classpath
2022-07-06 00:21:58.743  WARN 17220 --- [main] io.undertow.websockets.jsr               : UT026010: Buffer pool was not set on WebSocketDeploymentInfo, the default pool will be used
2022-07-06 00:21:58.772  INFO 17220 --- [main] io.undertow.servlet                      : Initializing Spring embedded WebApplicationContext
2022-07-06 00:21:58.773  INFO 17220 --- [main] o.s.web.context.ContextLoader            : Root WebApplicationContext: initialization completed in 2123 ms
2022-07-06 00:21:59.266  WARN 17220 --- [main] l.server.config.SentryConfiguration      : Turning off sentry
2022-07-06 00:21:59.741  INFO 17220 --- [main] c.s.d.l.tools.GarbageCollectionMonitor   : GC monitoring enabled, reporting results every 2 minutes.
2022-07-06 00:22:00.015  INFO 17220 --- [main] lavalink.server.config.KoeConfiguration  : OS: Windows 11, Arch: amd64
2022-07-06 00:22:00.016  WARN 17220 --- [main] lavalink.server.config.KoeConfiguration  : This system and architecture appears to not support native audio sending! GC pauses may cause your bot to stutter during playback.
2022-07-06 00:22:00.439  INFO 17220 --- [main] o.s.s.concurrent.ThreadPoolTaskExecutor  : Initializing ExecutorService 'applicationTaskExecutor'
2022-07-06 00:22:00.915  INFO 17220 --- [main] org.xnio                                 : XNIO version 3.3.8.Final
2022-07-06 00:22:00.934  INFO 17220 --- [main] org.xnio.nio                             : XNIO NIO Implementation Version 3.3.8.Final
2022-07-06 00:22:01.031  INFO 17220 --- [main] o.s.b.w.e.u.UndertowServletWebServer     : Undertow started on port(s) 8000 (http) with context path ''
2022-07-06 00:22:01.039  INFO 17220 --- [main] lavalink.server.Launcher                 : Started Launcher in 5.526 seconds (JVM running for 6.217)
2022-07-06 00:22:01.043  INFO 17220 --- [main] lavalink.server.Launcher                 : You can safely ignore the big red warning about illegal reflection. See https://github.com/freyacodes/Lavalink/issues/295
2022-07-06 00:29:09.546  INFO 17220 --- [XNIO-1 task-1] io.undertow.servlet                      : Initializing Spring DispatcherServlet 'dispatcherServlet'
2022-07-06 00:29:09.552  INFO 17220 --- [XNIO-1 task-1] o.s.web.servlet.DispatcherServlet        : Initializing Servlet 'dispatcherServlet'
2022-07-06 00:29:09.572  INFO 17220 --- [XNIO-1 task-1] o.s.web.servlet.DispatcherServlet        : Completed initialization in 17 ms
2022-07-06 00:29:09.643  INFO 17220 --- [XNIO-1 task-1] l.server.io.HandshakeInterceptorImpl     : Incoming connection from /127.0.0.1:64015
2022-07-06 00:29:09.756 ERROR 17220 --- [XNIO-1 task-1] io.undertow.request                      : UT005071: Undertow request failed HttpServerExchange{ GET /}

java.io.IOError: java.io.FileNotFoundException: Invalid file path
	at org.xnio.channels.Channels$4.run(Channels.java:998) ~[xnio-api-3.3.8.Final.jar!/:3.3.8.Final]
	at org.xnio.channels.Channels$4.run(Channels.java:988) ~[xnio-api-3.3.8.Final.jar!/:3.3.8.Final]
	at java.base/java.security.AccessController.doPrivileged(Native Method) ~[na:na]
	at org.xnio.channels.Channels.<clinit>(Channels.java:988) ~[xnio-api-3.3.8.Final.jar!/:3.3.8.Final]
	at io.undertow.servlet.spec.ServletOutputStreamImpl.close(ServletOutputStreamImpl.java:618) ~[undertow-servlet-2.0.26.Final.jar!/:2.0.26.Final]
	at io.undertow.servlet.spec.HttpServletResponseImpl.closeStreamAndWriter(HttpServletResponseImpl.java:528) ~[undertow-servlet-2.0.26.Final.jar!/:2.0.26.Final]
	at io.undertow.servlet.spec.HttpServletResponseImpl.responseDone(HttpServletResponseImpl.java:617) ~[undertow-servlet-2.0.26.Final.jar!/:2.0.26.Final]
	at io.undertow.servlet.handlers.ServletInitialHandler.handleFirstRequest(ServletInitialHandler.java:328) ~[undertow-servlet-2.0.26.Final.jar!/:2.0.26.Final]
	at io.undertow.servlet.handlers.ServletInitialHandler.access$100(ServletInitialHandler.java:78) ~[undertow-servlet-2.0.26.Final.jar!/:2.0.26.Final]
	at io.undertow.servlet.handlers.ServletInitialHandler$2.call(ServletInitialHandler.java:133) ~[undertow-servlet-2.0.26.Final.jar!/:2.0.26.Final]
	at io.undertow.servlet.handlers.ServletInitialHandler$2.call(ServletInitialHandler.java:130) ~[undertow-servlet-2.0.26.Final.jar!/:2.0.26.Final]
	at io.undertow.servlet.core.ServletRequestContextThreadSetupAction$1.call(ServletRequestContextThreadSetupAction.java:48) ~[undertow-servlet-2.0.26.Final.jar!/:2.0.26.Final]
	at io.undertow.servlet.core.ContextClassLoaderSetupAction$1.call(ContextClassLoaderSetupAction.java:43) ~[undertow-servlet-2.0.26.Final.jar!/:2.0.26.Final]
	at io.undertow.servlet.handlers.ServletInitialHandler.dispatchRequest(ServletInitialHandler.java:249) ~[undertow-servlet-2.0.26.Final.jar!/:2.0.26.Final]
	at io.undertow.servlet.handlers.ServletInitialHandler.access$000(ServletInitialHandler.java:78) ~[undertow-servlet-2.0.26.Final.jar!/:2.0.26.Final]
	at io.undertow.servlet.handlers.ServletInitialHandler$1.handleRequest(ServletInitialHandler.java:99) ~[undertow-servlet-2.0.26.Final.jar!/:2.0.26.Final]
	at io.undertow.server.Connectors.executeRootHandler(Connectors.java:376) ~[undertow-core-2.0.26.Final.jar!/:2.0.26.Final]
	at io.undertow.server.HttpServerExchange$1.run(HttpServerExchange.java:830) ~[undertow-core-2.0.26.Final.jar!/:2.0.26.Final]
	at java.base/java.util.concurrent.ThreadPoolExecutor.runWorker(ThreadPoolExecutor.java:1128) ~[na:na]
	at java.base/java.util.concurrent.ThreadPoolExecutor$Worker.run(ThreadPoolExecutor.java:628) ~[na:na]
	at java.base/java.lang.Thread.run(Thread.java:834) ~[na:na]
Caused by: java.io.FileNotFoundException: Invalid file path
	at java.base/java.io.FileOutputStream.<init>(FileOutputStream.java:231) ~[na:na]
	at java.base/java.io.FileOutputStream.<init>(FileOutputStream.java:126) ~[na:na]
	at org.xnio.channels.Channels$4.run(Channels.java:993) ~[xnio-api-3.3.8.Final.jar!/:3.3.8.Final]
	... 20 common frames omitted

2022-07-06 00:29:09.769 ERROR 17220 --- [XNIO-1 task-1] io.undertow.request.io                   : UT005090: Unexpected failure

java.lang.NoClassDefFoundError: Could not initialize class org.xnio.channels.Channels
	at io.undertow.servlet.spec.ServletInputStreamImpl.readIntoBuffer(ServletInputStreamImpl.java:192) ~[undertow-servlet-2.0.26.Final.jar!/:2.0.26.Final]
	at io.undertow.servlet.spec.ServletInputStreamImpl.close(ServletInputStreamImpl.java:257) ~[undertow-servlet-2.0.26.Final.jar!/:2.0.26.Final]
	at io.undertow.servlet.spec.HttpServletRequestImpl.closeAndDrainRequest(HttpServletRequestImpl.java:691) ~[undertow-servlet-2.0.26.Final.jar!/:2.0.26.Final]
	at io.undertow.servlet.core.ServletBlockingHttpExchange.close(ServletBlockingHttpExchange.java:89) ~[undertow-servlet-2.0.26.Final.jar!/:2.0.26.Final]
	at io.undertow.server.HttpServerExchange.endExchange(HttpServerExchange.java:1626) ~[undertow-core-2.0.26.Final.jar!/:2.0.26.Final]
	at io.undertow.server.Connectors.executeRootHandler(Connectors.java:416) ~[undertow-core-2.0.26.Final.jar!/:2.0.26.Final]
	at io.undertow.server.HttpServerExchange$1.run(HttpServerExchange.java:830) ~[undertow-core-2.0.26.Final.jar!/:2.0.26.Final]
	at java.base/java.util.concurrent.ThreadPoolExecutor.runWorker(ThreadPoolExecutor.java:1128) ~[na:na]
	at java.base/java.util.concurrent.ThreadPoolExecutor$Worker.run(ThreadPoolExecutor.java:628) ~[na:na]
	at java.base/java.lang.Thread.run(Thread.java:834) ~[na:na]

2022-07-06 00:29:09.837  INFO 17220 --- [XNIO-1 task-1] lavalink.server.io.SocketServer          : Connection successfully established from erela.js
2022-07-06 00:29:17.114  INFO 17220 --- [XNIO-1 task-2] l.server.io.HandshakeInterceptorImpl     : Incoming connection from /127.0.0.1:64023
2022-07-06 00:29:17.119 ERROR 17220 --- [XNIO-1 task-2] io.undertow.request                      : UT005071: Undertow request failed HttpServerExchange{ GET /}

java.lang.NoClassDefFoundError: Could not initialize class org.xnio.channels.Channels
	at io.undertow.servlet.spec.ServletOutputStreamImpl.close(ServletOutputStreamImpl.java:618) ~[undertow-servlet-2.0.26.Final.jar!/:2.0.26.Final]
	at io.undertow.servlet.spec.HttpServletResponseImpl.closeStreamAndWriter(HttpServletResponseImpl.java:528) ~[undertow-servlet-2.0.26.Final.jar!/:2.0.26.Final]
	at io.undertow.servlet.spec.HttpServletResponseImpl.responseDone(HttpServletResponseImpl.java:617) ~[undertow-servlet-2.0.26.Final.jar!/:2.0.26.Final]
	at io.undertow.servlet.handlers.ServletInitialHandler.handleFirstRequest(ServletInitialHandler.java:328) ~[undertow-servlet-2.0.26.Final.jar!/:2.0.26.Final]
	at io.undertow.servlet.handlers.ServletInitialHandler.access$100(ServletInitialHandler.java:78) ~[undertow-servlet-2.0.26.Final.jar!/:2.0.26.Final]
	at io.undertow.servlet.handlers.ServletInitialHandler$2.call(ServletInitialHandler.java:133) ~[undertow-servlet-2.0.26.Final.jar!/:2.0.26.Final]
	at io.undertow.servlet.handlers.ServletInitialHandler$2.call(ServletInitialHandler.java:130) ~[undertow-servlet-2.0.26.Final.jar!/:2.0.26.Final]
	at io.undertow.servlet.core.ServletRequestContextThreadSetupAction$1.call(ServletRequestContextThreadSetupAction.java:48) ~[undertow-servlet-2.0.26.Final.jar!/:2.0.26.Final]
	at io.undertow.servlet.core.ContextClassLoaderSetupAction$1.call(ContextClassLoaderSetupAction.java:43) ~[undertow-servlet-2.0.26.Final.jar!/:2.0.26.Final]
	at io.undertow.servlet.handlers.ServletInitialHandler.dispatchRequest(ServletInitialHandler.java:249) ~[undertow-servlet-2.0.26.Final.jar!/:2.0.26.Final]
	at io.undertow.servlet.handlers.ServletInitialHandler.access$000(ServletInitialHandler.java:78) ~[undertow-servlet-2.0.26.Final.jar!/:2.0.26.Final]
	at io.undertow.servlet.handlers.ServletInitialHandler$1.handleRequest(ServletInitialHandler.java:99) ~[undertow-servlet-2.0.26.Final.jar!/:2.0.26.Final]
	at io.undertow.server.Connectors.executeRootHandler(Connectors.java:376) ~[undertow-core-2.0.26.Final.jar!/:2.0.26.Final]
	at io.undertow.server.HttpServerExchange$1.run(HttpServerExchange.java:830) ~[undertow-core-2.0.26.Final.jar!/:2.0.26.Final]
	at java.base/java.util.concurrent.ThreadPoolExecutor.runWorker(ThreadPoolExecutor.java:1128) ~[na:na]
	at java.base/java.util.concurrent.ThreadPoolExecutor$Worker.run(ThreadPoolExecutor.java:628) ~[na:na]
	at java.base/java.lang.Thread.run(Thread.java:834) ~[na:na]

2022-07-06 00:29:17.125 ERROR 17220 --- [XNIO-1 task-2] io.undertow.request.io                   : UT005090: Unexpected failure

java.lang.NoClassDefFoundError: Could not initialize class org.xnio.channels.Channels
	at io.undertow.servlet.spec.ServletInputStreamImpl.readIntoBuffer(ServletInputStreamImpl.java:192) ~[undertow-servlet-2.0.26.Final.jar!/:2.0.26.Final]
	at io.undertow.servlet.spec.ServletInputStreamImpl.close(ServletInputStreamImpl.java:257) ~[undertow-servlet-2.0.26.Final.jar!/:2.0.26.Final]
	at io.undertow.servlet.spec.HttpServletRequestImpl.closeAndDrainRequest(HttpServletRequestImpl.java:691) ~[undertow-servlet-2.0.26.Final.jar!/:2.0.26.Final]
	at io.undertow.servlet.core.ServletBlockingHttpExchange.close(ServletBlockingHttpExchange.java:89) ~[undertow-servlet-2.0.26.Final.jar!/:2.0.26.Final]
	at io.undertow.server.HttpServerExchange.endExchange(HttpServerExchange.java:1626) ~[undertow-core-2.0.26.Final.jar!/:2.0.26.Final]
	at io.undertow.server.Connectors.executeRootHandler(Connectors.java:416) ~[undertow-core-2.0.26.Final.jar!/:2.0.26.Final]
	at io.undertow.server.HttpServerExchange$1.run(HttpServerExchange.java:830) ~[undertow-core-2.0.26.Final.jar!/:2.0.26.Final]
	at java.base/java.util.concurrent.ThreadPoolExecutor.runWorker(ThreadPoolExecutor.java:1128) ~[na:na]
	at java.base/java.util.concurrent.ThreadPoolExecutor$Worker.run(ThreadPoolExecutor.java:628) ~[na:na]
	at java.base/java.lang.Thread.run(Thread.java:834) ~[na:na]

2022-07-06 00:29:17.131  INFO 17220 --- [XNIO-1 task-2] lavalink.server.io.SocketServer          : Connection successfully established from erela.js
2022-07-06 00:29:47.134  INFO 17220 --- [XNIO-1 task-3] l.server.io.HandshakeInterceptorImpl     : Incoming connection from /127.0.0.1:63474
2022-07-06 00:29:47.139 ERROR 17220 --- [XNIO-1 task-3] io.undertow.request                      : UT005071: Undertow request failed HttpServerExchange{ GET /}

java.lang.NoClassDefFoundError: Could not initialize class org.xnio.channels.Channels
	at io.undertow.servlet.spec.ServletOutputStreamImpl.close(ServletOutputStreamImpl.java:618) ~[undertow-servlet-2.0.26.Final.jar!/:2.0.26.Final]
	at io.undertow.servlet.spec.HttpServletResponseImpl.closeStreamAndWriter(HttpServletResponseImpl.java:528) ~[undertow-servlet-2.0.26.Final.jar!/:2.0.26.Final]
	at io.undertow.servlet.spec.HttpServletResponseImpl.responseDone(HttpServletResponseImpl.java:617) ~[undertow-servlet-2.0.26.Final.jar!/:2.0.26.Final]
	at io.undertow.servlet.handlers.ServletInitialHandler.handleFirstRequest(ServletInitialHandler.java:328) ~[undertow-servlet-2.0.26.Final.jar!/:2.0.26.Final]
	at io.undertow.servlet.handlers.ServletInitialHandler.access$100(ServletInitialHandler.java:78) ~[undertow-servlet-2.0.26.Final.jar!/:2.0.26.Final]
	at io.undertow.servlet.handlers.ServletInitialHandler$2.call(ServletInitialHandler.java:133) ~[undertow-servlet-2.0.26.Final.jar!/:2.0.26.Final]
	at io.undertow.servlet.handlers.ServletInitialHandler$2.call(ServletInitialHandler.java:130) ~[undertow-servlet-2.0.26.Final.jar!/:2.0.26.Final]
	at io.undertow.servlet.core.ServletRequestContextThreadSetupAction$1.call(ServletRequestContextThreadSetupAction.java:48) ~[undertow-servlet-2.0.26.Final.jar!/:2.0.26.Final]
	at io.undertow.servlet.core.ContextClassLoaderSetupAction$1.call(ContextClassLoaderSetupAction.java:43) ~[undertow-servlet-2.0.26.Final.jar!/:2.0.26.Final]
	at io.undertow.servlet.handlers.ServletInitialHandler.dispatchRequest(ServletInitialHandler.java:249) ~[undertow-servlet-2.0.26.Final.jar!/:2.0.26.Final]
	at io.undertow.servlet.handlers.ServletInitialHandler.access$000(ServletInitialHandler.java:78) ~[undertow-servlet-2.0.26.Final.jar!/:2.0.26.Final]
	at io.undertow.servlet.handlers.ServletInitialHandler$1.handleRequest(ServletInitialHandler.java:99) ~[undertow-servlet-2.0.26.Final.jar!/:2.0.26.Final]
	at io.undertow.server.Connectors.executeRootHandler(Connectors.java:376) ~[undertow-core-2.0.26.Final.jar!/:2.0.26.Final]
	at io.undertow.server.HttpServerExchange$1.run(HttpServerExchange.java:830) ~[undertow-core-2.0.26.Final.jar!/:2.0.26.Final]
	at java.base/java.util.concurrent.ThreadPoolExecutor.runWorker(ThreadPoolExecutor.java:1128) ~[na:na]
	at java.base/java.util.concurrent.ThreadPoolExecutor$Worker.run(ThreadPoolExecutor.java:628) ~[na:na]
	at java.base/java.lang.Thread.run(Thread.java:834) ~[na:na]

2022-07-06 00:29:47.146 ERROR 17220 --- [XNIO-1 task-3] io.undertow.request.io                   : UT005090: Unexpected failure

java.lang.NoClassDefFoundError: Could not initialize class org.xnio.channels.Channels
	at io.undertow.servlet.spec.ServletInputStreamImpl.readIntoBuffer(ServletInputStreamImpl.java:192) ~[undertow-servlet-2.0.26.Final.jar!/:2.0.26.Final]
	at io.undertow.servlet.spec.ServletInputStreamImpl.close(ServletInputStreamImpl.java:257) ~[undertow-servlet-2.0.26.Final.jar!/:2.0.26.Final]
	at io.undertow.servlet.spec.HttpServletRequestImpl.closeAndDrainRequest(HttpServletRequestImpl.java:691) ~[undertow-servlet-2.0.26.Final.jar!/:2.0.26.Final]
	at io.undertow.servlet.core.ServletBlockingHttpExchange.close(ServletBlockingHttpExchange.java:89) ~[undertow-servlet-2.0.26.Final.jar!/:2.0.26.Final]
	at io.undertow.server.HttpServerExchange.endExchange(HttpServerExchange.java:1626) ~[undertow-core-2.0.26.Final.jar!/:2.0.26.Final]
	at io.undertow.server.Connectors.executeRootHandler(Connectors.java:416) ~[undertow-core-2.0.26.Final.jar!/:2.0.26.Final]
	at io.undertow.server.HttpServerExchange$1.run(HttpServerExchange.java:830) ~[undertow-core-2.0.26.Final.jar!/:2.0.26.Final]
	at java.base/java.util.concurrent.ThreadPoolExecutor.runWorker(ThreadPoolExecutor.java:1128) ~[na:na]
	at java.base/java.util.concurrent.ThreadPoolExecutor$Worker.run(ThreadPoolExecutor.java:628) ~[na:na]
	at java.base/java.lang.Thread.run(Thread.java:834) ~[na:na]

2022-07-06 00:29:47.151  INFO 17220 --- [XNIO-1 task-3] lavalink.server.io.SocketServer          : Connection successfully established from erela.js
2022-07-06 00:30:17.146  INFO 17220 --- [XNIO-1 task-4] l.server.io.HandshakeInterceptorImpl     : Incoming connection from /127.0.0.1:63568
2022-07-06 00:30:17.157 ERROR 17220 --- [XNIO-1 task-4] io.undertow.request                      : UT005071: Undertow request failed HttpServerExchange{ GET /}

java.lang.NoClassDefFoundError: Could not initialize class org.xnio.channels.Channels
	at io.undertow.servlet.spec.ServletOutputStreamImpl.close(ServletOutputStreamImpl.java:618) ~[undertow-servlet-2.0.26.Final.jar!/:2.0.26.Final]
	at io.undertow.servlet.spec.HttpServletResponseImpl.closeStreamAndWriter(HttpServletResponseImpl.java:528) ~[undertow-servlet-2.0.26.Final.jar!/:2.0.26.Final]
	at io.undertow.servlet.spec.HttpServletResponseImpl.responseDone(HttpServletResponseImpl.java:617) ~[undertow-servlet-2.0.26.Final.jar!/:2.0.26.Final]
	at io.undertow.servlet.handlers.ServletInitialHandler.handleFirstRequest(ServletInitialHandler.java:328) ~[undertow-servlet-2.0.26.Final.jar!/:2.0.26.Final]
	at io.undertow.servlet.handlers.ServletInitialHandler.access$100(ServletInitialHandler.java:78) ~[undertow-servlet-2.0.26.Final.jar!/:2.0.26.Final]
	at io.undertow.servlet.handlers.ServletInitialHandler$2.call(ServletInitialHandler.java:133) ~[undertow-servlet-2.0.26.Final.jar!/:2.0.26.Final]
	at io.undertow.servlet.handlers.ServletInitialHandler$2.call(ServletInitialHandler.java:130) ~[undertow-servlet-2.0.26.Final.jar!/:2.0.26.Final]
	at io.undertow.servlet.core.ServletRequestContextThreadSetupAction$1.call(ServletRequestContextThreadSetupAction.java:48) ~[undertow-servlet-2.0.26.Final.jar!/:2.0.26.Final]
	at io.undertow.servlet.core.ContextClassLoaderSetupAction$1.call(ContextClassLoaderSetupAction.java:43) ~[undertow-servlet-2.0.26.Final.jar!/:2.0.26.Final]
	at io.undertow.servlet.handlers.ServletInitialHandler.dispatchRequest(ServletInitialHandler.java:249) ~[undertow-servlet-2.0.26.Final.jar!/:2.0.26.Final]
	at io.undertow.servlet.handlers.ServletInitialHandler.access$000(ServletInitialHandler.java:78) ~[undertow-servlet-2.0.26.Final.jar!/:2.0.26.Final]
	at io.undertow.servlet.handlers.ServletInitialHandler$1.handleRequest(ServletInitialHandler.java:99) ~[undertow-servlet-2.0.26.Final.jar!/:2.0.26.Final]
	at io.undertow.server.Connectors.executeRootHandler(Connectors.java:376) ~[undertow-core-2.0.26.Final.jar!/:2.0.26.Final]
	at io.undertow.server.HttpServerExchange$1.run(HttpServerExchange.java:830) ~[undertow-core-2.0.26.Final.jar!/:2.0.26.Final]
	at java.base/java.util.concurrent.ThreadPoolExecutor.runWorker(ThreadPoolExecutor.java:1128) ~[na:na]
	at java.base/java.util.concurrent.ThreadPoolExecutor$Worker.run(ThreadPoolExecutor.java:628) ~[na:na]
	at java.base/java.lang.Thread.run(Thread.java:834) ~[na:na]

2022-07-06 00:30:17.165 ERROR 17220 --- [XNIO-1 task-4] io.undertow.request.io                   : UT005090: Unexpected failure

java.lang.NoClassDefFoundError: Could not initialize class org.xnio.channels.Channels
	at io.undertow.servlet.spec.ServletInputStreamImpl.readIntoBuffer(ServletInputStreamImpl.java:192) ~[undertow-servlet-2.0.26.Final.jar!/:2.0.26.Final]
	at io.undertow.servlet.spec.ServletInputStreamImpl.close(ServletInputStreamImpl.java:257) ~[undertow-servlet-2.0.26.Final.jar!/:2.0.26.Final]
	at io.undertow.servlet.spec.HttpServletRequestImpl.closeAndDrainRequest(HttpServletRequestImpl.java:691) ~[undertow-servlet-2.0.26.Final.jar!/:2.0.26.Final]
	at io.undertow.servlet.core.ServletBlockingHttpExchange.close(ServletBlockingHttpExchange.java:89) ~[undertow-servlet-2.0.26.Final.jar!/:2.0.26.Final]
	at io.undertow.server.HttpServerExchange.endExchange(HttpServerExchange.java:1626) ~[undertow-core-2.0.26.Final.jar!/:2.0.26.Final]
	at io.undertow.server.Connectors.executeRootHandler(Connectors.java:416) ~[undertow-core-2.0.26.Final.jar!/:2.0.26.Final]
	at io.undertow.server.HttpServerExchange$1.run(HttpServerExchange.java:830) ~[undertow-core-2.0.26.Final.jar!/:2.0.26.Final]
	at java.base/java.util.concurrent.ThreadPoolExecutor.runWorker(ThreadPoolExecutor.java:1128) ~[na:na]
	at java.base/java.util.concurrent.ThreadPoolExecutor$Worker.run(ThreadPoolExecutor.java:628) ~[na:na]
	at java.base/java.lang.Thread.run(Thread.java:834) ~[na:na]

2022-07-06 00:30:17.171  INFO 17220 --- [XNIO-1 task-4] lavalink.server.io.SocketServer          : Connection successfully established from erela.js
2022-07-06 00:30:47.168  INFO 17220 --- [XNIO-1 task-5] l.server.io.HandshakeInterceptorImpl     : Incoming connection from /127.0.0.1:63624
2022-07-06 00:30:47.174 ERROR 17220 --- [XNIO-1 task-5] io.undertow.request                      : UT005071: Undertow request failed HttpServerExchange{ GET /}

java.lang.NoClassDefFoundError: Could not initialize class org.xnio.channels.Channels
	at io.undertow.servlet.spec.ServletOutputStreamImpl.close(ServletOutputStreamImpl.java:618) ~[undertow-servlet-2.0.26.Final.jar!/:2.0.26.Final]
	at io.undertow.servlet.spec.HttpServletResponseImpl.closeStreamAndWriter(HttpServletResponseImpl.java:528) ~[undertow-servlet-2.0.26.Final.jar!/:2.0.26.Final]
	at io.undertow.servlet.spec.HttpServletResponseImpl.responseDone(HttpServletResponseImpl.java:617) ~[undertow-servlet-2.0.26.Final.jar!/:2.0.26.Final]
	at io.undertow.servlet.handlers.ServletInitialHandler.handleFirstRequest(ServletInitialHandler.java:328) ~[undertow-servlet-2.0.26.Final.jar!/:2.0.26.Final]
	at io.undertow.servlet.handlers.ServletInitialHandler.access$100(ServletInitialHandler.java:78) ~[undertow-servlet-2.0.26.Final.jar!/:2.0.26.Final]
	at io.undertow.servlet.handlers.ServletInitialHandler$2.call(ServletInitialHandler.java:133) ~[undertow-servlet-2.0.26.Final.jar!/:2.0.26.Final]
	at io.undertow.servlet.handlers.ServletInitialHandler$2.call(ServletInitialHandler.java:130) ~[undertow-servlet-2.0.26.Final.jar!/:2.0.26.Final]
	at io.undertow.servlet.core.ServletRequestContextThreadSetupAction$1.call(ServletRequestContextThreadSetupAction.java:48) ~[undertow-servlet-2.0.26.Final.jar!/:2.0.26.Final]
	at io.undertow.servlet.core.ContextClassLoaderSetupAction$1.call(ContextClassLoaderSetupAction.java:43) ~[undertow-servlet-2.0.26.Final.jar!/:2.0.26.Final]
	at io.undertow.servlet.handlers.ServletInitialHandler.dispatchRequest(ServletInitialHandler.java:249) ~[undertow-servlet-2.0.26.Final.jar!/:2.0.26.Final]
	at io.undertow.servlet.handlers.ServletInitialHandler.access$000(ServletInitialHandler.java:78) ~[undertow-servlet-2.0.26.Final.jar!/:2.0.26.Final]
	at io.undertow.servlet.handlers.ServletInitialHandler$1.handleRequest(ServletInitialHandler.java:99) ~[undertow-servlet-2.0.26.Final.jar!/:2.0.26.Final]
	at io.undertow.server.Connectors.executeRootHandler(Connectors.java:376) ~[undertow-core-2.0.26.Final.jar!/:2.0.26.Final]
	at io.undertow.server.HttpServerExchange$1.run(HttpServerExchange.java:830) ~[undertow-core-2.0.26.Final.jar!/:2.0.26.Final]
	at java.base/java.util.concurrent.ThreadPoolExecutor.runWorker(ThreadPoolExecutor.java:1128) ~[na:na]
	at java.base/java.util.concurrent.ThreadPoolExecutor$Worker.run(ThreadPoolExecutor.java:628) ~[na:na]
	at java.base/java.lang.Thread.run(Thread.java:834) ~[na:na]

2022-07-06 00:30:47.180 ERROR 17220 --- [XNIO-1 task-5] io.undertow.request.io                   : UT005090: Unexpected failure

java.lang.NoClassDefFoundError: Could not initialize class org.xnio.channels.Channels
	at io.undertow.servlet.spec.ServletInputStreamImpl.readIntoBuffer(ServletInputStreamImpl.java:192) ~[undertow-servlet-2.0.26.Final.jar!/:2.0.26.Final]
	at io.undertow.servlet.spec.ServletInputStreamImpl.close(ServletInputStreamImpl.java:257) ~[undertow-servlet-2.0.26.Final.jar!/:2.0.26.Final]
	at io.undertow.servlet.spec.HttpServletRequestImpl.closeAndDrainRequest(HttpServletRequestImpl.java:691) ~[undertow-servlet-2.0.26.Final.jar!/:2.0.26.Final]
	at io.undertow.servlet.core.ServletBlockingHttpExchange.close(ServletBlockingHttpExchange.java:89) ~[undertow-servlet-2.0.26.Final.jar!/:2.0.26.Final]
	at io.undertow.server.HttpServerExchange.endExchange(HttpServerExchange.java:1626) ~[undertow-core-2.0.26.Final.jar!/:2.0.26.Final]
	at io.undertow.server.Connectors.executeRootHandler(Connectors.java:416) ~[undertow-core-2.0.26.Final.jar!/:2.0.26.Final]
	at io.undertow.server.HttpServerExchange$1.run(HttpServerExchange.java:830) ~[undertow-core-2.0.26.Final.jar!/:2.0.26.Final]
	at java.base/java.util.concurrent.ThreadPoolExecutor.runWorker(ThreadPoolExecutor.java:1128) ~[na:na]
	at java.base/java.util.concurrent.ThreadPoolExecutor$Worker.run(ThreadPoolExecutor.java:628) ~[na:na]
	at java.base/java.lang.Thread.run(Thread.java:834) ~[na:na]

2022-07-06 00:30:47.186  INFO 17220 --- [XNIO-1 task-5] lavalink.server.io.SocketServer          : Connection successfully established from erela.js
2022-07-06 00:31:17.185  INFO 17220 --- [XNIO-1 task-6] l.server.io.HandshakeInterceptorImpl     : Incoming connection from /127.0.0.1:63641
2022-07-06 00:31:17.189 ERROR 17220 --- [XNIO-1 task-6] io.undertow.request                      : UT005071: Undertow request failed HttpServerExchange{ GET /}

java.lang.NoClassDefFoundError: Could not initialize class org.xnio.channels.Channels
	at io.undertow.servlet.spec.ServletOutputStreamImpl.close(ServletOutputStreamImpl.java:618) ~[undertow-servlet-2.0.26.Final.jar!/:2.0.26.Final]
	at io.undertow.servlet.spec.HttpServletResponseImpl.closeStreamAndWriter(HttpServletResponseImpl.java:528) ~[undertow-servlet-2.0.26.Final.jar!/:2.0.26.Final]
	at io.undertow.servlet.spec.HttpServletResponseImpl.responseDone(HttpServletResponseImpl.java:617) ~[undertow-servlet-2.0.26.Final.jar!/:2.0.26.Final]
	at io.undertow.servlet.handlers.ServletInitialHandler.handleFirstRequest(ServletInitialHandler.java:328) ~[undertow-servlet-2.0.26.Final.jar!/:2.0.26.Final]
	at io.undertow.servlet.handlers.ServletInitialHandler.access$100(ServletInitialHandler.java:78) ~[undertow-servlet-2.0.26.Final.jar!/:2.0.26.Final]
	at io.undertow.servlet.handlers.ServletInitialHandler$2.call(ServletInitialHandler.java:133) ~[undertow-servlet-2.0.26.Final.jar!/:2.0.26.Final]
	at io.undertow.servlet.handlers.ServletInitialHandler$2.call(ServletInitialHandler.java:130) ~[undertow-servlet-2.0.26.Final.jar!/:2.0.26.Final]
	at io.undertow.servlet.core.ServletRequestContextThreadSetupAction$1.call(ServletRequestContextThreadSetupAction.java:48) ~[undertow-servlet-2.0.26.Final.jar!/:2.0.26.Final]
	at io.undertow.servlet.core.ContextClassLoaderSetupAction$1.call(ContextClassLoaderSetupAction.java:43) ~[undertow-servlet-2.0.26.Final.jar!/:2.0.26.Final]
	at io.undertow.servlet.handlers.ServletInitialHandler.dispatchRequest(ServletInitialHandler.java:249) ~[undertow-servlet-2.0.26.Final.jar!/:2.0.26.Final]
	at io.undertow.servlet.handlers.ServletInitialHandler.access$000(ServletInitialHandler.java:78) ~[undertow-servlet-2.0.26.Final.jar!/:2.0.26.Final]
	at io.undertow.servlet.handlers.ServletInitialHandler$1.handleRequest(ServletInitialHandler.java:99) ~[undertow-servlet-2.0.26.Final.jar!/:2.0.26.Final]
	at io.undertow.server.Connectors.executeRootHandler(Connectors.java:376) ~[undertow-core-2.0.26.Final.jar!/:2.0.26.Final]
	at io.undertow.server.HttpServerExchange$1.run(HttpServerExchange.java:830) ~[undertow-core-2.0.26.Final.jar!/:2.0.26.Final]
	at java.base/java.util.concurrent.ThreadPoolExecutor.runWorker(ThreadPoolExecutor.java:1128) ~[na:na]
	at java.base/java.util.concurrent.ThreadPoolExecutor$Worker.run(ThreadPoolExecutor.java:628) ~[na:na]
	at java.base/java.lang.Thread.run(Thread.java:834) ~[na:na]

2022-07-06 00:31:17.195 ERROR 17220 --- [XNIO-1 task-6] io.undertow.request.io                   : UT005090: Unexpected failure

java.lang.NoClassDefFoundError: Could not initialize class org.xnio.channels.Channels
	at io.undertow.servlet.spec.ServletInputStreamImpl.readIntoBuffer(ServletInputStreamImpl.java:192) ~[undertow-servlet-2.0.26.Final.jar!/:2.0.26.Final]
	at io.undertow.servlet.spec.ServletInputStreamImpl.close(ServletInputStreamImpl.java:257) ~[undertow-servlet-2.0.26.Final.jar!/:2.0.26.Final]
	at io.undertow.servlet.spec.HttpServletRequestImpl.closeAndDrainRequest(HttpServletRequestImpl.java:691) ~[undertow-servlet-2.0.26.Final.jar!/:2.0.26.Final]
	at io.undertow.servlet.core.ServletBlockingHttpExchange.close(ServletBlockingHttpExchange.java:89) ~[undertow-servlet-2.0.26.Final.jar!/:2.0.26.Final]
	at io.undertow.server.HttpServerExchange.endExchange(HttpServerExchange.java:1626) ~[undertow-core-2.0.26.Final.jar!/:2.0.26.Final]
	at io.undertow.server.Connectors.executeRootHandler(Connectors.java:416) ~[undertow-core-2.0.26.Final.jar!/:2.0.26.Final]
	at io.undertow.server.HttpServerExchange$1.run(HttpServerExchange.java:830) ~[undertow-core-2.0.26.Final.jar!/:2.0.26.Final]
	at java.base/java.util.concurrent.ThreadPoolExecutor.runWorker(ThreadPoolExecutor.java:1128) ~[na:na]
	at java.base/java.util.concurrent.ThreadPoolExecutor$Worker.run(ThreadPoolExecutor.java:628) ~[na:na]
	at java.base/java.lang.Thread.run(Thread.java:834) ~[na:na]

2022-07-06 00:31:17.201  INFO 17220 --- [XNIO-1 task-6] lavalink.server.io.SocketServer          : Connection successfully established from erela.js
2022-07-06 00:31:28.342  INFO 17220 --- [Thread-1] o.s.s.concurrent.ThreadPoolTaskExecutor  : Shutting down ExecutorService 'applicationTaskExecutor'
2022-07-06 00:31:28.345  INFO 17220 --- [Thread-1] c.s.d.l.tools.GarbageCollectionMonitor   : GC monitoring disabled.
2022-07-06 00:31:28.351  INFO 17220 --- [Thread-1] io.undertow.servlet                      : Destroying Spring FrameworkServlet 'dispatcherServlet'
2022-07-06 00:31:30.777  INFO 4512 --- [main] lavalink.server.Launcher                 : 

[32m       .  [31m _                  _ _       _    [32m__ _ _
[32m      /\\ [31m| | __ ___   ____ _| (_)_ __ | | __[32m\ \ \ \
[32m     ( ( )[31m| |/ _` \ \ / / _` | | | '_ \| |/ /[32m \ \ \ \
[32m      \\/ [31m| | (_| |\ V / (_| | | | | | |   < [32m  ) ) ) )
[32m       '  [31m|_|\__,_| \_/ \__,_|_|_|_| |_|_|\_\[32m / / / /
[0m    =========================================[32m/_/_/_/[0m

	Version:        3.4
	Build:          1257
	Build time:     26.10.2021 14:18:37 UTC
	Branch          master
	Commit:         a364833
	Commit time:    26.10.2021 14:15:20 UTC
	JVM:            11.0.15
	Lavaplayer      1.3.96-original

2022-07-06 00:31:30.936  INFO 4512 --- [main] lavalink.server.Launcher                 : Starting Launcher on LAPTOP-GMO4JODJ with PID 4512 (C:\Users\ADS\OneDrive\Bureau\code\discord-bots\gillette\Lavalink.jar started by ADS in C:\Users\ADS\OneDrive\Bureau\code\discord-bots\gillette)
2022-07-06 00:31:30.938  INFO 4512 --- [main] lavalink.server.Launcher                 : No active profile set, falling back to default profiles: default
2022-07-06 00:31:31.147  WARN 4512 --- [background-preinit] o.s.h.c.j.Jackson2ObjectMapperBuilder    : For Jackson Kotlin classes support please add "com.fasterxml.jackson.module:jackson-module-kotlin" to the classpath
2022-07-06 00:31:32.855  WARN 4512 --- [main] io.undertow.websockets.jsr               : UT026010: Buffer pool was not set on WebSocketDeploymentInfo, the default pool will be used
2022-07-06 00:31:32.895  INFO 4512 --- [main] io.undertow.servlet                      : Initializing Spring embedded WebApplicationContext
2022-07-06 00:31:32.896  INFO 4512 --- [main] o.s.web.context.ContextLoader            : Root WebApplicationContext: initialization completed in 1840 ms
2022-07-06 00:31:33.432  WARN 4512 --- [main] l.server.config.SentryConfiguration      : Turning off sentry
2022-07-06 00:31:33.761  INFO 4512 --- [main] c.s.d.l.tools.GarbageCollectionMonitor   : GC monitoring enabled, reporting results every 2 minutes.
2022-07-06 00:31:33.956  INFO 4512 --- [main] lavalink.server.config.KoeConfiguration  : OS: Windows 11, Arch: amd64
2022-07-06 00:31:33.958  WARN 4512 --- [main] lavalink.server.config.KoeConfiguration  : This system and architecture appears to not support native audio sending! GC pauses may cause your bot to stutter during playback.
2022-07-06 00:31:34.317  INFO 4512 --- [main] o.s.s.concurrent.ThreadPoolTaskExecutor  : Initializing ExecutorService 'applicationTaskExecutor'
2022-07-06 00:31:34.763  INFO 4512 --- [main] org.xnio                                 : XNIO version 3.3.8.Final
2022-07-06 00:31:34.781  INFO 4512 --- [main] org.xnio.nio                             : XNIO NIO Implementation Version 3.3.8.Final
2022-07-06 00:31:34.850  INFO 4512 --- [main] o.s.b.w.e.u.UndertowServletWebServer     : Undertow started on port(s) 8000 (http) with context path ''
2022-07-06 00:31:34.858  INFO 4512 --- [main] lavalink.server.Launcher                 : Started Launcher in 4.735 seconds (JVM running for 5.379)
2022-07-06 00:31:34.861  INFO 4512 --- [main] lavalink.server.Launcher                 : You can safely ignore the big red warning about illegal reflection. See https://github.com/freyacodes/Lavalink/issues/295
2022-07-06 00:31:38.563  INFO 4512 --- [XNIO-1 task-1] io.undertow.servlet                      : Initializing Spring DispatcherServlet 'dispatcherServlet'
2022-07-06 00:31:38.564  INFO 4512 --- [XNIO-1 task-1] o.s.web.servlet.DispatcherServlet        : Initializing Servlet 'dispatcherServlet'
2022-07-06 00:31:38.575  INFO 4512 --- [XNIO-1 task-1] o.s.web.servlet.DispatcherServlet        : Completed initialization in 10 ms
2022-07-06 00:31:38.607  INFO 4512 --- [XNIO-1 task-1] l.server.io.HandshakeInterceptorImpl     : Incoming connection from /127.0.0.1:63700
2022-07-06 00:31:38.673 ERROR 4512 --- [XNIO-1 task-1] io.undertow.request                      : UT005071: Undertow request failed HttpServerExchange{ GET /}

java.io.IOError: java.io.FileNotFoundException: Invalid file path
	at org.xnio.channels.Channels$4.run(Channels.java:998) ~[xnio-api-3.3.8.Final.jar!/:3.3.8.Final]
	at org.xnio.channels.Channels$4.run(Channels.java:988) ~[xnio-api-3.3.8.Final.jar!/:3.3.8.Final]
	at java.base/java.security.AccessController.doPrivileged(Native Method) ~[na:na]
	at org.xnio.channels.Channels.<clinit>(Channels.java:988) ~[xnio-api-3.3.8.Final.jar!/:3.3.8.Final]
	at io.undertow.servlet.spec.ServletOutputStreamImpl.close(ServletOutputStreamImpl.java:618) ~[undertow-servlet-2.0.26.Final.jar!/:2.0.26.Final]
	at io.undertow.servlet.spec.HttpServletResponseImpl.closeStreamAndWriter(HttpServletResponseImpl.java:528) ~[undertow-servlet-2.0.26.Final.jar!/:2.0.26.Final]
	at io.undertow.servlet.spec.HttpServletResponseImpl.responseDone(HttpServletResponseImpl.java:617) ~[undertow-servlet-2.0.26.Final.jar!/:2.0.26.Final]
	at io.undertow.servlet.handlers.ServletInitialHandler.handleFirstRequest(ServletInitialHandler.java:328) ~[undertow-servlet-2.0.26.Final.jar!/:2.0.26.Final]
	at io.undertow.servlet.handlers.ServletInitialHandler.access$100(ServletInitialHandler.java:78) ~[undertow-servlet-2.0.26.Final.jar!/:2.0.26.Final]
	at io.undertow.servlet.handlers.ServletInitialHandler$2.call(ServletInitialHandler.java:133) ~[undertow-servlet-2.0.26.Final.jar!/:2.0.26.Final]
	at io.undertow.servlet.handlers.ServletInitialHandler$2.call(ServletInitialHandler.java:130) ~[undertow-servlet-2.0.26.Final.jar!/:2.0.26.Final]
	at io.undertow.servlet.core.ServletRequestContextThreadSetupAction$1.call(ServletRequestContextThreadSetupAction.java:48) ~[undertow-servlet-2.0.26.Final.jar!/:2.0.26.Final]
	at io.undertow.servlet.core.ContextClassLoaderSetupAction$1.call(ContextClassLoaderSetupAction.java:43) ~[undertow-servlet-2.0.26.Final.jar!/:2.0.26.Final]
	at io.undertow.servlet.handlers.ServletInitialHandler.dispatchRequest(ServletInitialHandler.java:249) ~[undertow-servlet-2.0.26.Final.jar!/:2.0.26.Final]
	at io.undertow.servlet.handlers.ServletInitialHandler.access$000(ServletInitialHandler.java:78) ~[undertow-servlet-2.0.26.Final.jar!/:2.0.26.Final]
	at io.undertow.servlet.handlers.ServletInitialHandler$1.handleRequest(ServletInitialHandler.java:99) ~[undertow-servlet-2.0.26.Final.jar!/:2.0.26.Final]
	at io.undertow.server.Connectors.executeRootHandler(Connectors.java:376) ~[undertow-core-2.0.26.Final.jar!/:2.0.26.Final]
	at io.undertow.server.HttpServerExchange$1.run(HttpServerExchange.java:830) ~[undertow-core-2.0.26.Final.jar!/:2.0.26.Final]
	at java.base/java.util.concurrent.ThreadPoolExecutor.runWorker(ThreadPoolExecutor.java:1128) ~[na:na]
	at java.base/java.util.concurrent.ThreadPoolExecutor$Worker.run(ThreadPoolExecutor.java:628) ~[na:na]
	at java.base/java.lang.Thread.run(Thread.java:834) ~[na:na]
Caused by: java.io.FileNotFoundException: Invalid file path
	at java.base/java.io.FileOutputStream.<init>(FileOutputStream.java:231) ~[na:na]
	at java.base/java.io.FileOutputStream.<init>(FileOutputStream.java:126) ~[na:na]
	at org.xnio.channels.Channels$4.run(Channels.java:993) ~[xnio-api-3.3.8.Final.jar!/:3.3.8.Final]
	... 20 common frames omitted

2022-07-06 00:31:38.728 ERROR 4512 --- [XNIO-1 task-1] io.undertow.request.io                   : UT005090: Unexpected failure

java.lang.NoClassDefFoundError: Could not initialize class org.xnio.channels.Channels
	at io.undertow.servlet.spec.ServletInputStreamImpl.readIntoBuffer(ServletInputStreamImpl.java:192) ~[undertow-servlet-2.0.26.Final.jar!/:2.0.26.Final]
	at io.undertow.servlet.spec.ServletInputStreamImpl.close(ServletInputStreamImpl.java:257) ~[undertow-servlet-2.0.26.Final.jar!/:2.0.26.Final]
	at io.undertow.servlet.spec.HttpServletRequestImpl.closeAndDrainRequest(HttpServletRequestImpl.java:691) ~[undertow-servlet-2.0.26.Final.jar!/:2.0.26.Final]
	at io.undertow.servlet.core.ServletBlockingHttpExchange.close(ServletBlockingHttpExchange.java:89) ~[undertow-servlet-2.0.26.Final.jar!/:2.0.26.Final]
	at io.undertow.server.HttpServerExchange.endExchange(HttpServerExchange.java:1626) ~[undertow-core-2.0.26.Final.jar!/:2.0.26.Final]
	at io.undertow.server.Connectors.executeRootHandler(Connectors.java:416) ~[undertow-core-2.0.26.Final.jar!/:2.0.26.Final]
	at io.undertow.server.HttpServerExchange$1.run(HttpServerExchange.java:830) ~[undertow-core-2.0.26.Final.jar!/:2.0.26.Final]
	at java.base/java.util.concurrent.ThreadPoolExecutor.runWorker(ThreadPoolExecutor.java:1128) ~[na:na]
	at java.base/java.util.concurrent.ThreadPoolExecutor$Worker.run(ThreadPoolExecutor.java:628) ~[na:na]
	at java.base/java.lang.Thread.run(Thread.java:834) ~[na:na]

2022-07-06 00:31:38.797  INFO 4512 --- [XNIO-1 task-1] lavalink.server.io.SocketServer          : Connection successfully established from erela.js
2022-07-06 00:31:48.797  INFO 4512 --- [XNIO-1 task-2] l.server.io.HandshakeInterceptorImpl     : Incoming connection from /127.0.0.1:63704
2022-07-06 00:31:48.801 ERROR 4512 --- [XNIO-1 task-2] io.undertow.request                      : UT005071: Undertow request failed HttpServerExchange{ GET /}

java.lang.NoClassDefFoundError: Could not initialize class org.xnio.channels.Channels
	at io.undertow.servlet.spec.ServletOutputStreamImpl.close(ServletOutputStreamImpl.java:618) ~[undertow-servlet-2.0.26.Final.jar!/:2.0.26.Final]
	at io.undertow.servlet.spec.HttpServletResponseImpl.closeStreamAndWriter(HttpServletResponseImpl.java:528) ~[undertow-servlet-2.0.26.Final.jar!/:2.0.26.Final]
	at io.undertow.servlet.spec.HttpServletResponseImpl.responseDone(HttpServletResponseImpl.java:617) ~[undertow-servlet-2.0.26.Final.jar!/:2.0.26.Final]
	at io.undertow.servlet.handlers.ServletInitialHandler.handleFirstRequest(ServletInitialHandler.java:328) ~[undertow-servlet-2.0.26.Final.jar!/:2.0.26.Final]
	at io.undertow.servlet.handlers.ServletInitialHandler.access$100(ServletInitialHandler.java:78) ~[undertow-servlet-2.0.26.Final.jar!/:2.0.26.Final]
	at io.undertow.servlet.handlers.ServletInitialHandler$2.call(ServletInitialHandler.java:133) ~[undertow-servlet-2.0.26.Final.jar!/:2.0.26.Final]
	at io.undertow.servlet.handlers.ServletInitialHandler$2.call(ServletInitialHandler.java:130) ~[undertow-servlet-2.0.26.Final.jar!/:2.0.26.Final]
	at io.undertow.servlet.core.ServletRequestContextThreadSetupAction$1.call(ServletRequestContextThreadSetupAction.java:48) ~[undertow-servlet-2.0.26.Final.jar!/:2.0.26.Final]
	at io.undertow.servlet.core.ContextClassLoaderSetupAction$1.call(ContextClassLoaderSetupAction.java:43) ~[undertow-servlet-2.0.26.Final.jar!/:2.0.26.Final]
	at io.undertow.servlet.handlers.ServletInitialHandler.dispatchRequest(ServletInitialHandler.java:249) ~[undertow-servlet-2.0.26.Final.jar!/:2.0.26.Final]
	at io.undertow.servlet.handlers.ServletInitialHandler.access$000(ServletInitialHandler.java:78) ~[undertow-servlet-2.0.26.Final.jar!/:2.0.26.Final]
	at io.undertow.servlet.handlers.ServletInitialHandler$1.handleRequest(ServletInitialHandler.java:99) ~[undertow-servlet-2.0.26.Final.jar!/:2.0.26.Final]
	at io.undertow.server.Connectors.executeRootHandler(Connectors.java:376) ~[undertow-core-2.0.26.Final.jar!/:2.0.26.Final]
	at io.undertow.server.HttpServerExchange$1.run(HttpServerExchange.java:830) ~[undertow-core-2.0.26.Final.jar!/:2.0.26.Final]
	at java.base/java.util.concurrent.ThreadPoolExecutor.runWorker(ThreadPoolExecutor.java:1128) ~[na:na]
	at java.base/java.util.concurrent.ThreadPoolExecutor$Worker.run(ThreadPoolExecutor.java:628) ~[na:na]
	at java.base/java.lang.Thread.run(Thread.java:834) ~[na:na]

2022-07-06 00:31:48.808 ERROR 4512 --- [XNIO-1 task-2] io.undertow.request.io                   : UT005090: Unexpected failure

java.lang.NoClassDefFoundError: Could not initialize class org.xnio.channels.Channels
	at io.undertow.servlet.spec.ServletInputStreamImpl.readIntoBuffer(ServletInputStreamImpl.java:192) ~[undertow-servlet-2.0.26.Final.jar!/:2.0.26.Final]
	at io.undertow.servlet.spec.ServletInputStreamImpl.close(ServletInputStreamImpl.java:257) ~[undertow-servlet-2.0.26.Final.jar!/:2.0.26.Final]
	at io.undertow.servlet.spec.HttpServletRequestImpl.closeAndDrainRequest(HttpServletRequestImpl.java:691) ~[undertow-servlet-2.0.26.Final.jar!/:2.0.26.Final]
	at io.undertow.servlet.core.ServletBlockingHttpExchange.close(ServletBlockingHttpExchange.java:89) ~[undertow-servlet-2.0.26.Final.jar!/:2.0.26.Final]
	at io.undertow.server.HttpServerExchange.endExchange(HttpServerExchange.java:1626) ~[undertow-core-2.0.26.Final.jar!/:2.0.26.Final]
	at io.undertow.server.Connectors.executeRootHandler(Connectors.java:416) ~[undertow-core-2.0.26.Final.jar!/:2.0.26.Final]
	at io.undertow.server.HttpServerExchange$1.run(HttpServerExchange.java:830) ~[undertow-core-2.0.26.Final.jar!/:2.0.26.Final]
	at java.base/java.util.concurrent.ThreadPoolExecutor.runWorker(ThreadPoolExecutor.java:1128) ~[na:na]
	at java.base/java.util.concurrent.ThreadPoolExecutor$Worker.run(ThreadPoolExecutor.java:628) ~[na:na]
	at java.base/java.lang.Thread.run(Thread.java:834) ~[na:na]

2022-07-06 00:31:48.814  INFO 4512 --- [XNIO-1 task-2] lavalink.server.io.SocketServer          : Connection successfully established from erela.js
